2026-06-11 10:55:42,367 | INFO | Starting synchronous value iteration: gamma=0.9 theta=0.0
2026-06-11 10:55:42,405 | INFO | Value Iteration iteration=1 delta=10.00000000
2026-06-11 10:55:42,436 | INFO | Value Iteration iteration=2 delta=9.00000000
2026-06-11 10:55:42,439 | INFO | Finished synchronous value iteration in 2 iterations and 0.070863 seconds
2026-06-11 10:55:42,442 | INFO | Final values: [19.0, 19.0, 14.0, 19.0]
2026-06-11 10:55:42,636 | INFO | Starting synchronous value iteration: gamma=0.9 theta=1e-06
2026-06-11 10:55:42,641 | INFO | Value Iteration iteration=1 delta=10.00000000
2026-06-11 10:55:42,644 | INFO | Value Iteration iteration=2 delta=9.00000000
2026-06-11 10:55:42,648 | INFO | Value Iteration iteration=3 delta=8.10000000
2026-06-11 10:55:42,686 | INFO | Value Iteration iteration=4 delta=7.29000000
2026-06-11 10:55:42,700 | INFO | Value Iteration iteration=5 delta=6.56100000
2026-06-11 10:55:42,708 | INFO | Finished synchronous value iteration in 9 iterations and 0.069229 seconds
2026-06-11 10:55:42,711 | INFO | Final values: [-0.434, 0.629, 1.81, 3.122, 4.58, 0.629, 1.81, 3.122, 4.58, 6.2, 1.81, 3.122, 4.58, 6.2, 8.0, 3.122, 4.58, 6.2, 8.0, 10.0, 4.58, 6.2, 8.0, 10.0, 10.0]
2026-06-11 10:55:42,925 | INFO | Starting in-place value iteration: gamma=0.9 theta=1e-06
2026-06-11 10:55:42,928 | INFO | In-place Value Iteration iteration=1 delta=10.00000000
2026-06-11 10:55:42,930 | INFO | In-place Value Iteration iteration=2 delta=9.00000000
2026-06-11 10:55:42,934 | INFO | In-place Value Iteration iteration=3 delta=8.10000000
2026-06-11 10:55:42,936 | INFO | In-place Value Iteration iteration=4 delta=7.29000000
2026-06-11 10:55:42,940 | INFO | In-place Value Iteration iteration=5 delta=6.56100000
2026-06-11 10:55:42,946 | INFO | Finished in-place value iteration in 9 iterations and 0.020210 seconds
2026-06-11 10:55:42,948 | INFO | Final in-place values: [-0.434, 0.629, 1.81, 3.122, 4.58, 0.629, 1.81, 3.122, 4.58, 6.2, 1.81, 3.122, 4.58, 6.2, 8.0, 3.122, 4.58, 6.2, 8.0, 10.0, 4.58, 6.2, 8.0, 10.0, 10.0]
2026-06-11 10:55:43,147 | INFO | Starting off-policy Monte Carlo: episodes=5000 gamma=0.9
2026-06-11 10:55:43,151 | INFO | MC episode=1 length=100
2026-06-11 10:55:43,164 | INFO | MC episode=10 length=23
2026-06-11 10:55:43,233 | INFO | MC episode=100 length=100
2026-06-11 10:55:44,237 | INFO | MC episode=1000 length=55
2026-06-11 10:55:46,732 | INFO | MC episode=5000 length=1
2026-06-11 10:55:46,734 | INFO | Finished off-policy MC in 3.586793 seconds
2026-06-11 10:55:46,736 | INFO | MC estimated values: [-0.438, 0.62, 1.764, 3.023, 4.495, 0.484, 1.723, 3.046, 4.533, 6.13, 1.708, 3.04, 4.492, 6.129, 7.964, 3.085, 4.533, 6.153, 7.971, 10.0, 4.532, 5.895, 7.962, 10.0, 10.0]
